This file contains any messages produced by compilers while
running configure, to aid debugging if configure makes a mistake.

It was created by ibmtss configure 1.6.0, which was
generated by GNU Autoconf 2.69.  Invocation command line was

  $ ./configure --prefix=/home/integreedy/local --disable-hwtpm

## --------- ##
## Platform. ##
## --------- ##

hostname = integreedy
uname -m = x86_64
uname -r = 4.4.0-203-generic
uname -s = Linux
uname -v = #235-Ubuntu SMP Tue Feb 2 02:49:08 UTC 2021

/usr/bin/uname -p = unknown
/bin/uname -X     = unknown

/bin/arch              = unknown
/usr/bin/arch -k       = unknown
/usr/convex/getsysinfo = unknown
/usr/bin/hostinfo      = unknown
/bin/machine           = unknown
/usr/bin/oslevel       = unknown
/bin/universe          = unknown

PATH: /home/integreedy/.nvm/versions/node/v10.22.1/bin
PATH: /home/integreedy/go/bin
PATH: /usr/local/go/bin
PATH: /home/integreedy/.cargo/bin
PATH: /home/integreedy/go/bin
PATH: /usr/local/go/bin
PATH: /usr/local/sbin
PATH: /usr/local/bin
PATH: /usr/sbin
PATH: /usr/bin
PATH: /sbin
PATH: /bin
PATH: /usr/games
PATH: /usr/local/games
PATH: /snap/bin
PATH: /usr/lib/jvm/java-11-openjdk-amd64/bin


## ----------- ##
## Core tests. ##
## ----------- ##

configure:2530: checking for a BSD-compatible install
configure:2598: result: /usr/bin/install -c
configure:2609: checking whether build environment is sane
configure:2664: result: yes
configure:2815: checking for a thread-safe mkdir -p
configure:2854: result: /bin/mkdir -p
configure:2861: checking for gawk
configure:2877: found /usr/bin/gawk
configure:2888: result: gawk
configure:2899: checking whether make sets $(MAKE)
configure:2921: result: yes
configure:2950: checking whether make supports nested variables
configure:2967: result: yes
configure:3101: checking build system type
configure:3115: result: x86_64-pc-linux-gnu
configure:3135: checking host system type
configure:3148: result: x86_64-pc-linux-gnu
configure:3177: checking for gawk
configure:3204: result: gawk
configure:3263: checking for gcc
configure:3279: found /usr/bin/gcc
configure:3290: result: gcc
configure:3519: checking for C compiler version
configure:3528: gcc --version >&5
gcc (Ubuntu 7.5.0-3ubuntu1~16.04) 7.5.0
Copyright (C) 2017 Free Software Foundation, Inc.
This is free software; see the source for copying conditions.  There is NO
warranty; not even for MERCHANTABILITY or FITNESS FOR A PARTICULAR PURPOSE.

configure:3539: $? = 0
configure:3528: gcc -v >&5
Using built-in specs.
COLLECT_GCC=gcc
COLLECT_LTO_WRAPPER=/usr/lib/gcc/x86_64-linux-gnu/7/lto-wrapper
OFFLOAD_TARGET_NAMES=nvptx-none
OFFLOAD_TARGET_DEFAULT=1
Target: x86_64-linux-gnu
Configured with: ../src/configure -v --with-pkgversion='Ubuntu 7.5.0-3ubuntu1~16.04' --with-bugurl=file:///usr/share/doc/gcc-7/README.Bugs --enable-languages=c,ada,c++,go,brig,d,fortran,objc,obj-c++ --prefix=/usr --with-gcc-major-version-only --program-suffix=-7 --program-prefix=x86_64-linux-gnu- --enable-shared --enable-linker-build-id --libexecdir=/usr/lib --without-included-gettext --enable-threads=posix --libdir=/usr/lib --enable-nls --enable-bootstrap --enable-clocale=gnu --enable-libstdcxx-debug --enable-libstdcxx-time=yes --with-default-libstdcxx-abi=new --enable-gnu-unique-object --disable-vtable-verify --enable-libmpx --enable-plugin --with-system-zlib --with-target-system-zlib --enable-objc-gc=auto --enable-multiarch --disable-werror --with-arch-32=i686 --with-abi=m64 --with-multilib-list=m32,m64,mx32 --enable-multilib --with-tune=generic --enable-offload-targets=nvptx-none --without-cuda-driver --enable-checking=release --build=x86_64-linux-gnu --host=x86_64-linux-gnu --target=x86_64-linux-gnu
Thread model: posix
gcc version 7.5.0 (Ubuntu 7.5.0-3ubuntu1~16.04) 
configure:3539: $? = 0
configure:3528: gcc -V >&5
gcc: error: unrecognized command line option '-V'
gcc: fatal error: no input files
compilation terminated.
configure:3539: $? = 1
configure:3528: gcc -qversion >&5
gcc: error: unrecognized command line option '-qversion'; did you mean '--version'?
gcc: fatal error: no input files
compilation terminated.
configure:3539: $? = 1
configure:3559: checking whether the C compiler works
configure:3581: gcc    conftest.c  >&5
configure:3585: $? = 0
configure:3633: result: yes
configure:3636: checking for C compiler default output file name
configure:3638: result: a.out
configure:3644: checking for suffix of executables
configure:3651: gcc -o conftest    conftest.c  >&5
configure:3655: $? = 0
configure:3677: result: 
configure:3699: checking whether we are cross compiling
configure:3707: gcc -o conftest    conftest.c  >&5
configure:3711: $? = 0
configure:3718: ./conftest
configure:3722: $? = 0
configure:3737: result: no
configure:3742: checking for suffix of object files
configure:3764: gcc -c   conftest.c >&5
configure:3768: $? = 0
configure:3789: result: o
configure:3793: checking whether we are using the GNU C compiler
configure:3812: gcc -c   conftest.c >&5
configure:3812: $? = 0
configure:3821: result: yes
configure:3830: checking whether gcc accepts -g
configure:3850: gcc -c -g  conftest.c >&5
configure:3850: $? = 0
configure:3891: result: yes
configure:3908: checking for gcc option to accept ISO C89
configure:3971: gcc  -c -g -O2  conftest.c >&5
configure:3971: $? = 0
configure:3984: result: none needed
configure:4009: checking whether gcc understands -c and -o together
configure:4031: gcc -c conftest.c -o conftest2.o
configure:4034: $? = 0
configure:4031: gcc -c conftest.c -o conftest2.o
configure:4034: $? = 0
configure:4046: result: yes
configure:4074: checking for style of include used by make
configure:4102: result: GNU
configure:4128: checking dependency style of gcc
configure:4239: result: gcc3
configure:4260: checking how to run the C preprocessor
configure:4291: gcc -E  conftest.c
configure:4291: $? = 0
configure:4305: gcc -E  conftest.c
conftest.c:11:10: fatal error: ac_nonexistent.h: No such file or directory
 #include <ac_nonexistent.h>
          ^~~~~~~~~~~~~~~~~~
compilation terminated.
configure:4305: $? = 1
configure: failed program was:
| /* confdefs.h */
| #define PACKAGE_NAME "ibmtss"
| #define PACKAGE_TARNAME "ibmtss"
| #define PACKAGE_VERSION "1.6.0"
| #define PACKAGE_STRING "ibmtss 1.6.0"
| #define PACKAGE_BUGREPORT "kgold@linux.ibm.com"
| #define PACKAGE_URL ""
| #define PACKAGE "ibmtss"
| #define VERSION "1.6.0"
| /* end confdefs.h.  */
| #include <ac_nonexistent.h>
configure:4330: result: gcc -E
configure:4350: gcc -E  conftest.c
configure:4350: $? = 0
configure:4364: gcc -E  conftest.c
conftest.c:11:10: fatal error: ac_nonexistent.h: No such file or directory
 #include <ac_nonexistent.h>
          ^~~~~~~~~~~~~~~~~~
compilation terminated.
configure:4364: $? = 1
configure: failed program was:
| /* confdefs.h */
| #define PACKAGE_NAME "ibmtss"
| #define PACKAGE_TARNAME "ibmtss"
| #define PACKAGE_VERSION "1.6.0"
| #define PACKAGE_STRING "ibmtss 1.6.0"
| #define PACKAGE_BUGREPORT "kgold@linux.ibm.com"
| #define PACKAGE_URL ""
| #define PACKAGE "ibmtss"
| #define VERSION "1.6.0"
| /* end confdefs.h.  */
| #include <ac_nonexistent.h>
configure:4393: checking whether ln -s works
configure:4397: result: yes
configure:4404: checking whether make sets $(MAKE)
configure:4426: result: yes
configure:4481: checking how to print strings
configure:4508: result: printf
configure:4529: checking for a sed that does not truncate output
configure:4593: result: /bin/sed
configure:4611: checking for grep that handles long lines and -e
configure:4669: result: /bin/grep
configure:4674: checking for egrep
configure:4736: result: /bin/grep -E
configure:4741: checking for fgrep
configure:4803: result: /bin/grep -F
configure:4838: checking for ld used by gcc
configure:4905: result: /usr/bin/ld
configure:4912: checking if the linker (/usr/bin/ld) is GNU ld
configure:4927: result: yes
configure:4939: checking for BSD- or MS-compatible name lister (nm)
configure:4993: result: /usr/bin/nm -B
configure:5123: checking the name lister (/usr/bin/nm -B) interface
configure:5130: gcc -c -g -O2  conftest.c >&5
configure:5133: /usr/bin/nm -B "conftest.o"
configure:5136: output
0000000000000000 B some_variable
configure:5143: result: BSD nm
configure:5147: checking the maximum length of command line arguments
configure:5278: result: 1572864
configure:5326: checking how to convert x86_64-pc-linux-gnu file names to x86_64-pc-linux-gnu format
configure:5366: result: func_convert_file_noop
configure:5373: checking how to convert x86_64-pc-linux-gnu file names to toolchain format
configure:5393: result: func_convert_file_noop
configure:5400: checking for /usr/bin/ld option to reload object files
configure:5407: result: -r
configure:5481: checking for objdump
configure:5497: found /usr/bin/objdump
configure:5508: result: objdump
configure:5540: checking how to recognize dependent libraries
configure:5740: result: pass_all
configure:5825: checking for dlltool
configure:5855: result: no
configure:5885: checking how to associate runtime and link libraries
configure:5912: result: printf %s\n
configure:5973: checking for ar
configure:5989: found /usr/bin/ar
configure:6000: result: ar
configure:6037: checking for archiver @FILE support
configure:6054: gcc -c -g -O2  conftest.c >&5
configure:6054: $? = 0
configure:6057: ar cru libconftest.a @conftest.lst >&5
ar: `u' modifier ignored since `D' is the default (see `U')
configure:6060: $? = 0
configure:6065: ar cru libconftest.a @conftest.lst >&5
ar: `u' modifier ignored since `D' is the default (see `U')
ar: conftest.o: No such file or directory
configure:6068: $? = 1
configure:6080: result: @
configure:6138: checking for strip
configure:6154: found /usr/bin/strip
configure:6165: result: strip
configure:6237: checking for ranlib
configure:6253: found /usr/bin/ranlib
configure:6264: result: ranlib
configure:6366: checking command to parse /usr/bin/nm -B output from gcc object
configure:6519: gcc -c -g -O2  conftest.c >&5
configure:6522: $? = 0
configure:6526: /usr/bin/nm -B conftest.o \| sed -n -e 's/^.*[ ]\([ABCDGIRSTW][ABCDGIRSTW]*\)[ ][ ]*\([_A-Za-z][_A-Za-z0-9]*\)$/\1 \2 \2/p' | sed '/ __gnu_lto/d' \> conftest.nm
configure:6529: $? = 0
configure:6595: gcc -o conftest -g -O2   conftest.c conftstm.o >&5
configure:6598: $? = 0
configure:6636: result: ok
configure:6683: checking for sysroot
configure:6713: result: no
configure:6720: checking for a working dd
configure:6758: result: /bin/dd
configure:6762: checking how to truncate binary pipes
configure:6777: result: /bin/dd bs=4096 count=1
configure:6913: gcc -c -g -O2  conftest.c >&5
configure:6916: $? = 0
configure:7106: checking for mt
configure:7122: found /bin/mt
configure:7133: result: mt
configure:7156: checking if mt is a manifest tool
configure:7162: mt '-?'
configure:7170: result: no
configure:7843: checking for ANSI C header files
configure:7863: gcc -c -g -O2  conftest.c >&5
configure:7863: $? = 0
configure:7936: gcc -o conftest -g -O2   conftest.c  >&5
configure:7936: $? = 0
configure:7936: ./conftest
configure:7936: $? = 0
configure:7947: result: yes
configure:7960: checking for sys/types.h
configure:7960: gcc -c -g -O2  conftest.c >&5
configure:7960: $? = 0
configure:7960: result: yes
configure:7960: checking for sys/stat.h
configure:7960: gcc -c -g -O2  conftest.c >&5
configure:7960: $? = 0
configure:7960: result: yes
configure:7960: checking for stdlib.h
configure:7960: gcc -c -g -O2  conftest.c >&5
configure:7960: $? = 0
configure:7960: result: yes
configure:7960: checking for string.h
configure:7960: gcc -c -g -O2  conftest.c >&5
configure:7960: $? = 0
configure:7960: result: yes
configure:7960: checking for memory.h
configure:7960: gcc -c -g -O2  conftest.c >&5
configure:7960: $? = 0
configure:7960: result: yes
configure:7960: checking for strings.h
configure:7960: gcc -c -g -O2  conftest.c >&5
configure:7960: $? = 0
configure:7960: result: yes
configure:7960: checking for inttypes.h
configure:7960: gcc -c -g -O2  conftest.c >&5
configure:7960: $? = 0
configure:7960: result: yes
configure:7960: checking for stdint.h
configure:7960: gcc -c -g -O2  conftest.c >&5
configure:7960: $? = 0
configure:7960: result: yes
configure:7960: checking for unistd.h
configure:7960: gcc -c -g -O2  conftest.c >&5
configure:7960: $? = 0
configure:7960: result: yes
configure:7974: checking for dlfcn.h
configure:7974: gcc -c -g -O2  conftest.c >&5
configure:7974: $? = 0
configure:7974: result: yes
configure:8229: checking for objdir
configure:8244: result: .libs
configure:8508: checking if gcc supports -fno-rtti -fno-exceptions
configure:8526: gcc -c -g -O2  -fno-rtti -fno-exceptions conftest.c >&5
cc1: warning: command line option '-fno-rtti' is valid for C++/ObjC++ but not for C
configure:8530: $? = 0
configure:8543: result: no
configure:8901: checking for gcc option to produce PIC
configure:8908: result: -fPIC -DPIC
configure:8916: checking if gcc PIC flag -fPIC -DPIC works
configure:8934: gcc -c -g -O2  -fPIC -DPIC -DPIC conftest.c >&5
configure:8938: $? = 0
configure:8951: result: yes
configure:8980: checking if gcc static flag -static works
configure:9008: result: yes
configure:9023: checking if gcc supports -c -o file.o
configure:9044: gcc -c -g -O2  -o out/conftest2.o conftest.c >&5
configure:9048: $? = 0
configure:9070: result: yes
configure:9078: checking if gcc supports -c -o file.o
configure:9125: result: yes
configure:9158: checking whether the gcc linker (/usr/bin/ld -m elf_x86_64) supports shared libraries
configure:10421: result: yes
configure:10458: checking whether -lc should be explicitly linked in
configure:10466: gcc -c -g -O2  conftest.c >&5
configure:10469: $? = 0
configure:10484: gcc -shared  -fPIC -DPIC conftest.o  -v -Wl,-soname -Wl,conftest -o conftest 2\>\&1 \| /bin/grep  -lc  \>/dev/null 2\>\&1
configure:10487: $? = 0
configure:10501: result: no
configure:10661: checking dynamic linker characteristics
configure:11242: gcc -o conftest -g -O2   -Wl,-rpath -Wl,/foo conftest.c  >&5
configure:11242: $? = 0
configure:11491: result: GNU/Linux ld.so
configure:11613: checking how to hardcode library paths into programs
configure:11638: result: immediate
configure:12186: checking whether stripping libraries is possible
configure:12191: result: yes
configure:12226: checking if libtool supports shared libraries
configure:12228: result: yes
configure:12231: checking whether to build shared libraries
configure:12256: result: yes
configure:12259: checking whether to build static libraries
configure:12263: result: no
configure:12355: checking for pkg-config
configure:12373: found /usr/bin/pkg-config
configure:12385: result: /usr/bin/pkg-config
configure:12410: checking pkg-config is at least version 0.9.0
configure:12413: result: yes
configure:12423: checking for LIBCRYPTO
configure:12430: $PKG_CONFIG --exists --print-errors "libcrypto >= 1.0.1 "
configure:12433: $? = 0
configure:12447: $PKG_CONFIG --exists --print-errors "libcrypto >= 1.0.1 "
configure:12450: $? = 0
configure:12508: result: yes
configure:12514: checking openssl/conf.h usability
configure:12514: gcc -c -g -O2  conftest.c >&5
configure:12514: $? = 0
configure:12514: result: yes
configure:12514: checking openssl/conf.h presence
configure:12514: gcc -E  conftest.c
configure:12514: $? = 0
configure:12514: result: yes
configure:12514: checking for openssl/conf.h
configure:12514: result: yes
configure:12528: checking for EFIBOOT
configure:12535: $PKG_CONFIG --exists --print-errors "efiboot efivar"
Package efiboot was not found in the pkg-config search path.
Perhaps you should add the directory containing `efiboot.pc'
to the PKG_CONFIG_PATH environment variable
No package 'efiboot' found
Package efivar was not found in the pkg-config search path.
Perhaps you should add the directory containing `efivar.pc'
to the PKG_CONFIG_PATH environment variable
No package 'efivar' found
configure:12538: $? = 1
configure:12552: $PKG_CONFIG --exists --print-errors "efiboot efivar"
Package efiboot was not found in the pkg-config search path.
Perhaps you should add the directory containing `efiboot.pc'
to the PKG_CONFIG_PATH environment variable
No package 'efiboot' found
Package efivar was not found in the pkg-config search path.
Perhaps you should add the directory containing `efivar.pc'
to the PKG_CONFIG_PATH environment variable
No package 'efivar' found
configure:12555: $? = 1
configure:12569: result: no
No package 'efiboot' found
No package 'efivar' found
configure:12600: checking efiboot.h usability
configure:12600: gcc -c -g -O2   conftest.c >&5
conftest.c:57:10: fatal error: efiboot.h: No such file or directory
 #include <efiboot.h>
          ^~~~~~~~~~~
compilation terminated.
configure:12600: $? = 1
configure: failed program was:
| /* confdefs.h */
| #define PACKAGE_NAME "ibmtss"
| #define PACKAGE_TARNAME "ibmtss"
| #define PACKAGE_VERSION "1.6.0"
| #define PACKAGE_STRING "ibmtss 1.6.0"
| #define PACKAGE_BUGREPORT "kgold@linux.ibm.com"
| #define PACKAGE_URL ""
| #define PACKAGE "ibmtss"
| #define VERSION "1.6.0"
| #define STDC_HEADERS 1
| #define HAVE_SYS_TYPES_H 1
| #define HAVE_SYS_STAT_H 1
| #define HAVE_STDLIB_H 1
| #define HAVE_STRING_H 1
| #define HAVE_MEMORY_H 1
| #define HAVE_STRINGS_H 1
| #define HAVE_INTTYPES_H 1
| #define HAVE_STDINT_H 1
| #define HAVE_UNISTD_H 1
| #define HAVE_DLFCN_H 1
| #define LT_OBJDIR ".libs/"
| #define HAVE_OPENSSL_CONF_H 1
| /* end confdefs.h.  */
| #include <stdio.h>
| #ifdef HAVE_SYS_TYPES_H
| # include <sys/types.h>
| #endif
| #ifdef HAVE_SYS_STAT_H
| # include <sys/stat.h>
| #endif
| #ifdef STDC_HEADERS
| # include <stdlib.h>
| # include <stddef.h>
| #else
| # ifdef HAVE_STDLIB_H
| #  include <stdlib.h>
| # endif
| #endif
| #ifdef HAVE_STRING_H
| # if !defined STDC_HEADERS && defined HAVE_MEMORY_H
| #  include <memory.h>
| # endif
| # include <string.h>
| #endif
| #ifdef HAVE_STRINGS_H
| # include <strings.h>
| #endif
| #ifdef HAVE_INTTYPES_H
| # include <inttypes.h>
| #endif
| #ifdef HAVE_STDINT_H
| # include <stdint.h>
| #endif
| #ifdef HAVE_UNISTD_H
| # include <unistd.h>
| #endif
| #include <efiboot.h>
configure:12600: result: no
configure:12600: checking efiboot.h presence
configure:12600: gcc -E   conftest.c
conftest.c:24:10: fatal error: efiboot.h: No such file or directory
 #include <efiboot.h>
          ^~~~~~~~~~~
compilation terminated.
configure:12600: $? = 1
configure: failed program was:
| /* confdefs.h */
| #define PACKAGE_NAME "ibmtss"
| #define PACKAGE_TARNAME "ibmtss"
| #define PACKAGE_VERSION "1.6.0"
| #define PACKAGE_STRING "ibmtss 1.6.0"
| #define PACKAGE_BUGREPORT "kgold@linux.ibm.com"
| #define PACKAGE_URL ""
| #define PACKAGE "ibmtss"
| #define VERSION "1.6.0"
| #define STDC_HEADERS 1
| #define HAVE_SYS_TYPES_H 1
| #define HAVE_SYS_STAT_H 1
| #define HAVE_STDLIB_H 1
| #define HAVE_STRING_H 1
| #define HAVE_MEMORY_H 1
| #define HAVE_STRINGS_H 1
| #define HAVE_INTTYPES_H 1
| #define HAVE_STDINT_H 1
| #define HAVE_UNISTD_H 1
| #define HAVE_DLFCN_H 1
| #define LT_OBJDIR ".libs/"
| #define HAVE_OPENSSL_CONF_H 1
| /* end confdefs.h.  */
| #include <efiboot.h>
configure:12600: result: no
configure:12600: checking for efiboot.h
configure:12600: result: no
configure:12612: checking for ANSI C header files
configure:12716: result: yes
configure:12728: checking arpa/inet.h usability
configure:12728: gcc -c -g -O2   conftest.c >&5
configure:12728: $? = 0
configure:12728: result: yes
configure:12728: checking arpa/inet.h presence
configure:12728: gcc -E   conftest.c
configure:12728: $? = 0
configure:12728: result: yes
configure:12728: checking for arpa/inet.h
configure:12728: result: yes
configure:12728: checking fcntl.h usability
configure:12728: gcc -c -g -O2   conftest.c >&5
configure:12728: $? = 0
configure:12728: result: yes
configure:12728: checking fcntl.h presence
configure:12728: gcc -E   conftest.c
configure:12728: $? = 0
configure:12728: result: yes
configure:12728: checking for fcntl.h
configure:12728: result: yes
configure:12728: checking for inttypes.h
configure:12728: result: yes
configure:12728: checking limits.h usability
configure:12728: gcc -c -g -O2   conftest.c >&5
configure:12728: $? = 0
configure:12728: result: yes
configure:12728: checking limits.h presence
configure:12728: gcc -E   conftest.c
configure:12728: $? = 0
configure:12728: result: yes
configure:12728: checking for limits.h
configure:12728: result: yes
configure:12728: checking netdb.h usability
configure:12728: gcc -c -g -O2   conftest.c >&5
configure:12728: $? = 0
configure:12728: result: yes
configure:12728: checking netdb.h presence
configure:12728: gcc -E   conftest.c
configure:12728: $? = 0
configure:12728: result: yes
configure:12728: checking for netdb.h
configure:12728: result: yes
configure:12728: checking netinet/in.h usability
configure:12728: gcc -c -g -O2   conftest.c >&5
configure:12728: $? = 0
configure:12728: result: yes
configure:12728: checking netinet/in.h presence
configure:12728: gcc -E   conftest.c
configure:12728: $? = 0
configure:12728: result: yes
configure:12728: checking for netinet/in.h
configure:12728: result: yes
configure:12728: checking for stdint.h
configure:12728: result: yes
configure:12728: checking for stdlib.h
configure:12728: result: yes
configure:12728: checking for string.h
configure:12728: result: yes
configure:12728: checking sys/param.h usability
configure:12728: gcc -c -g -O2   conftest.c >&5
configure:12728: $? = 0
configure:12728: result: yes
configure:12728: checking sys/param.h presence
configure:12728: gcc -E   conftest.c
configure:12728: $? = 0
configure:12728: result: yes
configure:12728: checking for sys/param.h
configure:12728: result: yes
configure:12728: checking sys/socket.h usability
configure:12728: gcc -c -g -O2   conftest.c >&5
configure:12728: $? = 0
configure:12728: result: yes
configure:12728: checking sys/socket.h presence
configure:12728: gcc -E   conftest.c
configure:12728: $? = 0
configure:12728: result: yes
configure:12728: checking for sys/socket.h
configure:12728: result: yes
configure:12728: checking for unistd.h
configure:12728: result: yes
configure:12740: checking for int16_t
configure:12740: gcc -c -g -O2   conftest.c >&5
configure:12740: $? = 0
configure:12740: gcc -c -g -O2   conftest.c >&5
conftest.c: In function 'main':
conftest.c:74:12: error: size of array 'test_array' is negative
 static int test_array [1 - 2 * !((int16_t) (((((int16_t) 1 << N) << N) - 1) * 2 + 1)
            ^~~~~~~~~~
configure:12740: $? = 1
configure: failed program was:
| /* confdefs.h */
| #define PACKAGE_NAME "ibmtss"
| #define PACKAGE_TARNAME "ibmtss"
| #define PACKAGE_VERSION "1.6.0"
| #define PACKAGE_STRING "ibmtss 1.6.0"
| #define PACKAGE_BUGREPORT "kgold@linux.ibm.com"
| #define PACKAGE_URL ""
| #define PACKAGE "ibmtss"
| #define VERSION "1.6.0"
| #define STDC_HEADERS 1
| #define HAVE_SYS_TYPES_H 1
| #define HAVE_SYS_STAT_H 1
| #define HAVE_STDLIB_H 1
| #define HAVE_STRING_H 1
| #define HAVE_MEMORY_H 1
| #define HAVE_STRINGS_H 1
| #define HAVE_INTTYPES_H 1
| #define HAVE_STDINT_H 1
| #define HAVE_UNISTD_H 1
| #define HAVE_DLFCN_H 1
| #define LT_OBJDIR ".libs/"
| #define HAVE_OPENSSL_CONF_H 1
| #define STDC_HEADERS 1
| #define HAVE_ARPA_INET_H 1
| #define HAVE_FCNTL_H 1
| #define HAVE_INTTYPES_H 1
| #define HAVE_LIMITS_H 1
| #define HAVE_NETDB_H 1
| #define HAVE_NETINET_IN_H 1
| #define HAVE_STDINT_H 1
| #define HAVE_STDLIB_H 1
| #define HAVE_STRING_H 1
| #define HAVE_SYS_PARAM_H 1
| #define HAVE_SYS_SOCKET_H 1
| #define HAVE_UNISTD_H 1
| /* end confdefs.h.  */
| #include <stdio.h>
| #ifdef HAVE_SYS_TYPES_H
| # include <sys/types.h>
| #endif
| #ifdef HAVE_SYS_STAT_H
| # include <sys/stat.h>
| #endif
| #ifdef STDC_HEADERS
| # include <stdlib.h>
| # include <stddef.h>
| #else
| # ifdef HAVE_STDLIB_H
| #  include <stdlib.h>
| # endif
| #endif
| #ifdef HAVE_STRING_H
| # if !defined STDC_HEADERS && defined HAVE_MEMORY_H
| #  include <memory.h>
| # endif
| # include <string.h>
| #endif
| #ifdef HAVE_STRINGS_H
| # include <strings.h>
| #endif
| #ifdef HAVE_INTTYPES_H
| # include <inttypes.h>
| #endif
| #ifdef HAVE_STDINT_H
| # include <stdint.h>
| #endif
| #ifdef HAVE_UNISTD_H
| # include <unistd.h>
| #endif
| 	        enum { N = 16 / 2 - 1 };
| int
| main ()
| {
| static int test_array [1 - 2 * !((int16_t) (((((int16_t) 1 << N) << N) - 1) * 2 + 1)
| 		 < (int16_t) (((((int16_t) 1 << N) << N) - 1) * 2 + 2))];
| test_array [0] = 0;
| return test_array [0];
| 
|   ;
|   return 0;
| }
configure:12740: result: yes
configure:12751: checking for int32_t
configure:12751: gcc -c -g -O2   conftest.c >&5
configure:12751: $? = 0
configure:12751: gcc -c -g -O2   conftest.c >&5
conftest.c: In function 'main':
conftest.c:75:53: warning: integer overflow in expression [-Woverflow]
    < (int32_t) (((((int32_t) 1 << N) << N) - 1) * 2 + 2))];
                                                     ^
conftest.c:74:12: error: storage size of 'test_array' isn't constant
 static int test_array [1 - 2 * !((int32_t) (((((int32_t) 1 << N) << N) - 1) * 2 + 1)
            ^~~~~~~~~~
configure:12751: $? = 1
configure: failed program was:
| /* confdefs.h */
| #define PACKAGE_NAME "ibmtss"
| #define PACKAGE_TARNAME "ibmtss"
| #define PACKAGE_VERSION "1.6.0"
| #define PACKAGE_STRING "ibmtss 1.6.0"
| #define PACKAGE_BUGREPORT "kgold@linux.ibm.com"
| #define PACKAGE_URL ""
| #define PACKAGE "ibmtss"
| #define VERSION "1.6.0"
| #define STDC_HEADERS 1
| #define HAVE_SYS_TYPES_H 1
| #define HAVE_SYS_STAT_H 1
| #define HAVE_STDLIB_H 1
| #define HAVE_STRING_H 1
| #define HAVE_MEMORY_H 1
| #define HAVE_STRINGS_H 1
| #define HAVE_INTTYPES_H 1
| #define HAVE_STDINT_H 1
| #define HAVE_UNISTD_H 1
| #define HAVE_DLFCN_H 1
| #define LT_OBJDIR ".libs/"
| #define HAVE_OPENSSL_CONF_H 1
| #define STDC_HEADERS 1
| #define HAVE_ARPA_INET_H 1
| #define HAVE_FCNTL_H 1
| #define HAVE_INTTYPES_H 1
| #define HAVE_LIMITS_H 1
| #define HAVE_NETDB_H 1
| #define HAVE_NETINET_IN_H 1
| #define HAVE_STDINT_H 1
| #define HAVE_STDLIB_H 1
| #define HAVE_STRING_H 1
| #define HAVE_SYS_PARAM_H 1
| #define HAVE_SYS_SOCKET_H 1
| #define HAVE_UNISTD_H 1
| /* end confdefs.h.  */
| #include <stdio.h>
| #ifdef HAVE_SYS_TYPES_H
| # include <sys/types.h>
| #endif
| #ifdef HAVE_SYS_STAT_H
| # include <sys/stat.h>
| #endif
| #ifdef STDC_HEADERS
| # include <stdlib.h>
| # include <stddef.h>
| #else
| # ifdef HAVE_STDLIB_H
| #  include <stdlib.h>
| # endif
| #endif
| #ifdef HAVE_STRING_H
| # if !defined STDC_HEADERS && defined HAVE_MEMORY_H
| #  include <memory.h>
| # endif
| # include <string.h>
| #endif
| #ifdef HAVE_STRINGS_H
| # include <strings.h>
| #endif
| #ifdef HAVE_INTTYPES_H
| # include <inttypes.h>
| #endif
| #ifdef HAVE_STDINT_H
| # include <stdint.h>
| #endif
| #ifdef HAVE_UNISTD_H
| # include <unistd.h>
| #endif
| 	        enum { N = 32 / 2 - 1 };
| int
| main ()
| {
| static int test_array [1 - 2 * !((int32_t) (((((int32_t) 1 << N) << N) - 1) * 2 + 1)
| 		 < (int32_t) (((((int32_t) 1 << N) << N) - 1) * 2 + 2))];
| test_array [0] = 0;
| return test_array [0];
| 
|   ;
|   return 0;
| }
configure:12751: result: yes
configure:12762: checking for int64_t
configure:12762: gcc -c -g -O2   conftest.c >&5
configure:12762: $? = 0
configure:12762: gcc -c -g -O2   conftest.c >&5
conftest.c: In function 'main':
conftest.c:75:53: warning: integer overflow in expression [-Woverflow]
    < (int64_t) (((((int64_t) 1 << N) << N) - 1) * 2 + 2))];
                                                     ^
conftest.c:74:12: error: storage size of 'test_array' isn't constant
 static int test_array [1 - 2 * !((int64_t) (((((int64_t) 1 << N) << N) - 1) * 2 + 1)
            ^~~~~~~~~~
configure:12762: $? = 1
configure: failed program was:
| /* confdefs.h */
| #define PACKAGE_NAME "ibmtss"
| #define PACKAGE_TARNAME "ibmtss"
| #define PACKAGE_VERSION "1.6.0"
| #define PACKAGE_STRING "ibmtss 1.6.0"
| #define PACKAGE_BUGREPORT "kgold@linux.ibm.com"
| #define PACKAGE_URL ""
| #define PACKAGE "ibmtss"
| #define VERSION "1.6.0"
| #define STDC_HEADERS 1
| #define HAVE_SYS_TYPES_H 1
| #define HAVE_SYS_STAT_H 1
| #define HAVE_STDLIB_H 1
| #define HAVE_STRING_H 1
| #define HAVE_MEMORY_H 1
| #define HAVE_STRINGS_H 1
| #define HAVE_INTTYPES_H 1
| #define HAVE_STDINT_H 1
| #define HAVE_UNISTD_H 1
| #define HAVE_DLFCN_H 1
| #define LT_OBJDIR ".libs/"
| #define HAVE_OPENSSL_CONF_H 1
| #define STDC_HEADERS 1
| #define HAVE_ARPA_INET_H 1
| #define HAVE_FCNTL_H 1
| #define HAVE_INTTYPES_H 1
| #define HAVE_LIMITS_H 1
| #define HAVE_NETDB_H 1
| #define HAVE_NETINET_IN_H 1
| #define HAVE_STDINT_H 1
| #define HAVE_STDLIB_H 1
| #define HAVE_STRING_H 1
| #define HAVE_SYS_PARAM_H 1
| #define HAVE_SYS_SOCKET_H 1
| #define HAVE_UNISTD_H 1
| /* end confdefs.h.  */
| #include <stdio.h>
| #ifdef HAVE_SYS_TYPES_H
| # include <sys/types.h>
| #endif
| #ifdef HAVE_SYS_STAT_H
| # include <sys/stat.h>
| #endif
| #ifdef STDC_HEADERS
| # include <stdlib.h>
| # include <stddef.h>
| #else
| # ifdef HAVE_STDLIB_H
| #  include <stdlib.h>
| # endif
| #endif
| #ifdef HAVE_STRING_H
| # if !defined STDC_HEADERS && defined HAVE_MEMORY_H
| #  include <memory.h>
| # endif
| # include <string.h>
| #endif
| #ifdef HAVE_STRINGS_H
| # include <strings.h>
| #endif
| #ifdef HAVE_INTTYPES_H
| # include <inttypes.h>
| #endif
| #ifdef HAVE_STDINT_H
| # include <stdint.h>
| #endif
| #ifdef HAVE_UNISTD_H
| # include <unistd.h>
| #endif
| 	        enum { N = 64 / 2 - 1 };
| int
| main ()
| {
| static int test_array [1 - 2 * !((int64_t) (((((int64_t) 1 << N) << N) - 1) * 2 + 1)
| 		 < (int64_t) (((((int64_t) 1 << N) << N) - 1) * 2 + 2))];
| test_array [0] = 0;
| return test_array [0];
| 
|   ;
|   return 0;
| }
configure:12762: result: yes
configure:12773: checking for int8_t
configure:12773: gcc -c -g -O2   conftest.c >&5
configure:12773: $? = 0
configure:12773: gcc -c -g -O2   conftest.c >&5
conftest.c: In function 'main':
conftest.c:74:12: error: size of array 'test_array' is negative
 static int test_array [1 - 2 * !((int8_t) (((((int8_t) 1 << N) << N) - 1) * 2 + 1)
            ^~~~~~~~~~
configure:12773: $? = 1
configure: failed program was:
| /* confdefs.h */
| #define PACKAGE_NAME "ibmtss"
| #define PACKAGE_TARNAME "ibmtss"
| #define PACKAGE_VERSION "1.6.0"
| #define PACKAGE_STRING "ibmtss 1.6.0"
| #define PACKAGE_BUGREPORT "kgold@linux.ibm.com"
| #define PACKAGE_URL ""
| #define PACKAGE "ibmtss"
| #define VERSION "1.6.0"
| #define STDC_HEADERS 1
| #define HAVE_SYS_TYPES_H 1
| #define HAVE_SYS_STAT_H 1
| #define HAVE_STDLIB_H 1
| #define HAVE_STRING_H 1
| #define HAVE_MEMORY_H 1
| #define HAVE_STRINGS_H 1
| #define HAVE_INTTYPES_H 1
| #define HAVE_STDINT_H 1
| #define HAVE_UNISTD_H 1
| #define HAVE_DLFCN_H 1
| #define LT_OBJDIR ".libs/"
| #define HAVE_OPENSSL_CONF_H 1
| #define STDC_HEADERS 1
| #define HAVE_ARPA_INET_H 1
| #define HAVE_FCNTL_H 1
| #define HAVE_INTTYPES_H 1
| #define HAVE_LIMITS_H 1
| #define HAVE_NETDB_H 1
| #define HAVE_NETINET_IN_H 1
| #define HAVE_STDINT_H 1
| #define HAVE_STDLIB_H 1
| #define HAVE_STRING_H 1
| #define HAVE_SYS_PARAM_H 1
| #define HAVE_SYS_SOCKET_H 1
| #define HAVE_UNISTD_H 1
| /* end confdefs.h.  */
| #include <stdio.h>
| #ifdef HAVE_SYS_TYPES_H
| # include <sys/types.h>
| #endif
| #ifdef HAVE_SYS_STAT_H
| # include <sys/stat.h>
| #endif
| #ifdef STDC_HEADERS
| # include <stdlib.h>
| # include <stddef.h>
| #else
| # ifdef HAVE_STDLIB_H
| #  include <stdlib.h>
| # endif
| #endif
| #ifdef HAVE_STRING_H
| # if !defined STDC_HEADERS && defined HAVE_MEMORY_H
| #  include <memory.h>
| # endif
| # include <string.h>
| #endif
| #ifdef HAVE_STRINGS_H
| # include <strings.h>
| #endif
| #ifdef HAVE_INTTYPES_H
| # include <inttypes.h>
| #endif
| #ifdef HAVE_STDINT_H
| # include <stdint.h>
| #endif
| #ifdef HAVE_UNISTD_H
| # include <unistd.h>
| #endif
| 	        enum { N = 8 / 2 - 1 };
| int
| main ()
| {
| static int test_array [1 - 2 * !((int8_t) (((((int8_t) 1 << N) << N) - 1) * 2 + 1)
| 		 < (int8_t) (((((int8_t) 1 << N) << N) - 1) * 2 + 2))];
| test_array [0] = 0;
| return test_array [0];
| 
|   ;
|   return 0;
| }
configure:12773: result: yes
configure:12784: checking for size_t
configure:12784: gcc -c -g -O2   conftest.c >&5
configure:12784: $? = 0
configure:12784: gcc -c -g -O2   conftest.c >&5
conftest.c: In function 'main':
conftest.c:73:21: error: expected expression before ')' token
 if (sizeof ((size_t)))
                     ^
configure:12784: $? = 1
configure: failed program was:
| /* confdefs.h */
| #define PACKAGE_NAME "ibmtss"
| #define PACKAGE_TARNAME "ibmtss"
| #define PACKAGE_VERSION "1.6.0"
| #define PACKAGE_STRING "ibmtss 1.6.0"
| #define PACKAGE_BUGREPORT "kgold@linux.ibm.com"
| #define PACKAGE_URL ""
| #define PACKAGE "ibmtss"
| #define VERSION "1.6.0"
| #define STDC_HEADERS 1
| #define HAVE_SYS_TYPES_H 1
| #define HAVE_SYS_STAT_H 1
| #define HAVE_STDLIB_H 1
| #define HAVE_STRING_H 1
| #define HAVE_MEMORY_H 1
| #define HAVE_STRINGS_H 1
| #define HAVE_INTTYPES_H 1
| #define HAVE_STDINT_H 1
| #define HAVE_UNISTD_H 1
| #define HAVE_DLFCN_H 1
| #define LT_OBJDIR ".libs/"
| #define HAVE_OPENSSL_CONF_H 1
| #define STDC_HEADERS 1
| #define HAVE_ARPA_INET_H 1
| #define HAVE_FCNTL_H 1
| #define HAVE_INTTYPES_H 1
| #define HAVE_LIMITS_H 1
| #define HAVE_NETDB_H 1
| #define HAVE_NETINET_IN_H 1
| #define HAVE_STDINT_H 1
| #define HAVE_STDLIB_H 1
| #define HAVE_STRING_H 1
| #define HAVE_SYS_PARAM_H 1
| #define HAVE_SYS_SOCKET_H 1
| #define HAVE_UNISTD_H 1
| /* end confdefs.h.  */
| #include <stdio.h>
| #ifdef HAVE_SYS_TYPES_H
| # include <sys/types.h>
| #endif
| #ifdef HAVE_SYS_STAT_H
| # include <sys/stat.h>
| #endif
| #ifdef STDC_HEADERS
| # include <stdlib.h>
| # include <stddef.h>
| #else
| # ifdef HAVE_STDLIB_H
| #  include <stdlib.h>
| # endif
| #endif
| #ifdef HAVE_STRING_H
| # if !defined STDC_HEADERS && defined HAVE_MEMORY_H
| #  include <memory.h>
| # endif
| # include <string.h>
| #endif
| #ifdef HAVE_STRINGS_H
| # include <strings.h>
| #endif
| #ifdef HAVE_INTTYPES_H
| # include <inttypes.h>
| #endif
| #ifdef HAVE_STDINT_H
| # include <stdint.h>
| #endif
| #ifdef HAVE_UNISTD_H
| # include <unistd.h>
| #endif
| int
| main ()
| {
| if (sizeof ((size_t)))
| 	    return 0;
|   ;
|   return 0;
| }
configure:12784: result: yes
configure:12795: checking for uint16_t
configure:12795: gcc -c -g -O2   conftest.c >&5
configure:12795: $? = 0
configure:12795: result: yes
configure:12807: checking for uint32_t
configure:12807: gcc -c -g -O2   conftest.c >&5
configure:12807: $? = 0
configure:12807: result: yes
configure:12821: checking for uint64_t
configure:12821: gcc -c -g -O2   conftest.c >&5
configure:12821: $? = 0
configure:12821: result: yes
configure:12835: checking for uint8_t
configure:12835: gcc -c -g -O2   conftest.c >&5
configure:12835: $? = 0
configure:12835: result: yes
configure:12853: checking for stdlib.h
configure:12853: result: yes
configure:12863: checking for GNU libc compatible malloc
configure:12887: gcc -o conftest -g -O2    conftest.c  >&5
configure:12887: $? = 0
configure:12887: ./conftest
configure:12887: $? = 0
configure:12897: result: yes
configure:12920: checking for stdlib.h
configure:12920: result: yes
configure:12930: checking for GNU libc compatible realloc
configure:12954: gcc -o conftest -g -O2    conftest.c  >&5
configure:12954: $? = 0
configure:12954: ./conftest
configure:12954: $? = 0
configure:12964: result: yes
configure:12988: checking for gethostbyname
configure:12988: gcc -o conftest -g -O2    conftest.c  >&5
configure:12988: $? = 0
configure:12988: result: yes
configure:12988: checking for memmove
configure:12988: gcc -o conftest -g -O2    conftest.c  >&5
conftest.c:65:6: warning: conflicting types for built-in function 'memmove' [-Wbuiltin-declaration-mismatch]
 char memmove ();
      ^~~~~~~
configure:12988: $? = 0
configure:12988: result: yes
configure:12988: checking for memset
configure:12988: gcc -o conftest -g -O2    conftest.c  >&5
conftest.c:66:6: warning: conflicting types for built-in function 'memset' [-Wbuiltin-declaration-mismatch]
 char memset ();
      ^~~~~~
configure:12988: $? = 0
configure:12988: result: yes
configure:12988: checking for socket
configure:12988: gcc -o conftest -g -O2    conftest.c  >&5
configure:12988: $? = 0
configure:12988: result: yes
configure:12988: checking for strerror
configure:12988: gcc -o conftest -g -O2    conftest.c  >&5
configure:12988: $? = 0
configure:12988: result: yes
configure:12988: checking for strtoul
configure:12988: gcc -o conftest -g -O2    conftest.c  >&5
configure:12988: $? = 0
configure:12988: result: yes
configure:13268: checking that generated files are newer than configure
configure:13274: result: done
configure:13329: creating ./config.status

## ---------------------- ##
## Running config.status. ##
## ---------------------- ##

This file was extended by ibmtss config.status 1.6.0, which was
generated by GNU Autoconf 2.69.  Invocation command line was

  CONFIG_FILES    = 
  CONFIG_HEADERS  = 
  CONFIG_LINKS    = 
  CONFIG_COMMANDS = 
  $ ./config.status 

on integreedy

config.status:1134: creating Makefile
config.status:1134: creating utils/Makefile
config.status:1134: creating utils12/Makefile
config.status:1134: creating config.h
config.status:1315: config.h is unchanged
config.status:1363: executing depfiles commands
config.status:1363: executing libtool commands

## ---------------- ##
## Cache variables. ##
## ---------------- ##

ac_cv_build=x86_64-pc-linux-gnu
ac_cv_c_compiler_gnu=yes
ac_cv_c_int16_t=yes
ac_cv_c_int32_t=yes
ac_cv_c_int64_t=yes
ac_cv_c_int8_t=yes
ac_cv_c_uint16_t=yes
ac_cv_c_uint32_t=yes
ac_cv_c_uint64_t=yes
ac_cv_c_uint8_t=yes
ac_cv_env_CC_set=
ac_cv_env_CC_value=
ac_cv_env_CFLAGS_set=
ac_cv_env_CFLAGS_value=
ac_cv_env_CPPFLAGS_set=
ac_cv_env_CPPFLAGS_value=
ac_cv_env_CPP_set=
ac_cv_env_CPP_value=
ac_cv_env_EFIBOOT_CFLAGS_set=
ac_cv_env_EFIBOOT_CFLAGS_value=
ac_cv_env_EFIBOOT_LIBS_set=
ac_cv_env_EFIBOOT_LIBS_value=
ac_cv_env_LDFLAGS_set=
ac_cv_env_LDFLAGS_value=
ac_cv_env_LIBCRYPTO_CFLAGS_set=
ac_cv_env_LIBCRYPTO_CFLAGS_value=
ac_cv_env_LIBCRYPTO_LIBS_set=
ac_cv_env_LIBCRYPTO_LIBS_value=
ac_cv_env_LIBS_set=
ac_cv_env_LIBS_value=
ac_cv_env_LT_SYS_LIBRARY_PATH_set=
ac_cv_env_LT_SYS_LIBRARY_PATH_value=
ac_cv_env_PKG_CONFIG_LIBDIR_set=
ac_cv_env_PKG_CONFIG_LIBDIR_value=
ac_cv_env_PKG_CONFIG_PATH_set=
ac_cv_env_PKG_CONFIG_PATH_value=
ac_cv_env_PKG_CONFIG_set=
ac_cv_env_PKG_CONFIG_value=
ac_cv_env_build_alias_set=
ac_cv_env_build_alias_value=
ac_cv_env_host_alias_set=
ac_cv_env_host_alias_value=
ac_cv_env_target_alias_set=
ac_cv_env_target_alias_value=
ac_cv_func_gethostbyname=yes
ac_cv_func_malloc_0_nonnull=yes
ac_cv_func_memmove=yes
ac_cv_func_memset=yes
ac_cv_func_realloc_0_nonnull=yes
ac_cv_func_socket=yes
ac_cv_func_strerror=yes
ac_cv_func_strtoul=yes
ac_cv_header_arpa_inet_h=yes
ac_cv_header_dlfcn_h=yes
ac_cv_header_efiboot_h=no
ac_cv_header_fcntl_h=yes
ac_cv_header_inttypes_h=yes
ac_cv_header_limits_h=yes
ac_cv_header_memory_h=yes
ac_cv_header_netdb_h=yes
ac_cv_header_netinet_in_h=yes
ac_cv_header_openssl_conf_h=yes
ac_cv_header_stdc=yes
ac_cv_header_stdint_h=yes
ac_cv_header_stdlib_h=yes
ac_cv_header_string_h=yes
ac_cv_header_strings_h=yes
ac_cv_header_sys_param_h=yes
ac_cv_header_sys_socket_h=yes
ac_cv_header_sys_stat_h=yes
ac_cv_header_sys_types_h=yes
ac_cv_header_unistd_h=yes
ac_cv_host=x86_64-pc-linux-gnu
ac_cv_objext=o
ac_cv_path_EGREP='/bin/grep -E'
ac_cv_path_FGREP='/bin/grep -F'
ac_cv_path_GREP=/bin/grep
ac_cv_path_SED=/bin/sed
ac_cv_path_ac_pt_PKG_CONFIG=/usr/bin/pkg-config
ac_cv_path_install='/usr/bin/install -c'
ac_cv_path_lt_DD=/bin/dd
ac_cv_path_mkdir=/bin/mkdir
ac_cv_prog_AWK=gawk
ac_cv_prog_CPP='gcc -E'
ac_cv_prog_ac_ct_AR=ar
ac_cv_prog_ac_ct_CC=gcc
ac_cv_prog_ac_ct_MANIFEST_TOOL=mt
ac_cv_prog_ac_ct_OBJDUMP=objdump
ac_cv_prog_ac_ct_RANLIB=ranlib
ac_cv_prog_ac_ct_STRIP=strip
ac_cv_prog_cc_c89=
ac_cv_prog_cc_g=yes
ac_cv_prog_make_make_set=yes
ac_cv_type_size_t=yes
am_cv_CC_dependencies_compiler_type=gcc3
am_cv_make_support_nested_variables=yes
am_cv_prog_cc_c_o=yes
lt_cv_ar_at_file=@
lt_cv_archive_cmds_need_lc=no
lt_cv_deplibs_check_method=pass_all
lt_cv_file_magic_cmd='$MAGIC_CMD'
lt_cv_file_magic_test_file=
lt_cv_ld_reload_flag=-r
lt_cv_nm_interface='BSD nm'
lt_cv_objdir=.libs
lt_cv_path_LD=/usr/bin/ld
lt_cv_path_NM='/usr/bin/nm -B'
lt_cv_path_mainfest_tool=no
lt_cv_prog_compiler_c_o=yes
lt_cv_prog_compiler_pic='-fPIC -DPIC'
lt_cv_prog_compiler_pic_works=yes
lt_cv_prog_compiler_rtti_exceptions=no
lt_cv_prog_compiler_static_works=yes
lt_cv_prog_gnu_ld=yes
lt_cv_sharedlib_from_linklib_cmd='printf %s\n'
lt_cv_shlibpath_overrides_runpath=no
lt_cv_sys_global_symbol_pipe='sed -n -e '\''s/^.*[	 ]\([ABCDGIRSTW][ABCDGIRSTW]*\)[	 ][	 ]*\([_A-Za-z][_A-Za-z0-9]*\)$/\1 \2 \2/p'\'' | sed '\''/ __gnu_lto/d'\'''
lt_cv_sys_global_symbol_to_c_name_address='sed -n -e '\''s/^: \(.*\) .*$/  {"\1", (void *) 0},/p'\'' -e '\''s/^[ABCDGIRSTW][ABCDGIRSTW]* .* \(.*\)$/  {"\1", (void *) \&\1},/p'\'''
lt_cv_sys_global_symbol_to_c_name_address_lib_prefix='sed -n -e '\''s/^: \(.*\) .*$/  {"\1", (void *) 0},/p'\'' -e '\''s/^[ABCDGIRSTW][ABCDGIRSTW]* .* \(lib.*\)$/  {"\1", (void *) \&\1},/p'\'' -e '\''s/^[ABCDGIRSTW][ABCDGIRSTW]* .* \(.*\)$/  {"lib\1", (void *) \&\1},/p'\'''
lt_cv_sys_global_symbol_to_cdecl='sed -n -e '\''s/^T .* \(.*\)$/extern int \1();/p'\'' -e '\''s/^[ABCDGIRSTW][ABCDGIRSTW]* .* \(.*\)$/extern char \1;/p'\'''
lt_cv_sys_global_symbol_to_import=
lt_cv_sys_max_cmd_len=1572864
lt_cv_to_host_file_cmd=func_convert_file_noop
lt_cv_to_tool_file_cmd=func_convert_file_noop
lt_cv_truncate_bin='/bin/dd bs=4096 count=1'
pkg_cv_LIBCRYPTO_CFLAGS=
pkg_cv_LIBCRYPTO_LIBS=-lcrypto

## ----------------- ##
## Output variables. ##
## ----------------- ##

ACLOCAL='${SHELL} /home/integreedy/workspace/tpm2simulator/client_IBM_TSS/build-aux/missing aclocal-1.15'
AMDEPBACKSLASH='\'
AMDEP_FALSE='#'
AMDEP_TRUE=''
AMTAR='$${TAR-tar}'
AM_BACKSLASH='\'
AM_DEFAULT_V='$(AM_DEFAULT_VERBOSITY)'
AM_DEFAULT_VERBOSITY='1'
AM_V='$(V)'
AR='ar'
AUTOCONF='${SHELL} /home/integreedy/workspace/tpm2simulator/client_IBM_TSS/build-aux/missing autoconf'
AUTOHEADER='${SHELL} /home/integreedy/workspace/tpm2simulator/client_IBM_TSS/build-aux/missing autoheader'
AUTOMAKE='${SHELL} /home/integreedy/workspace/tpm2simulator/client_IBM_TSS/build-aux/missing automake-1.15'
AWK='gawk'
CC='gcc'
CCDEPMODE='depmode=gcc3'
CFLAGS='-DTPM_POSIX -g -O2'
CONFIG_HWTPM_FALSE=''
CONFIG_HWTPM_TRUE='#'
CONFIG_RMTPM_FALSE='#'
CONFIG_RMTPM_TRUE=''
CONFIG_TPM12_FALSE='#'
CONFIG_TPM12_TRUE=''
CONFIG_TPM20_FALSE='#'
CONFIG_TPM20_TRUE=''
CONFIG_TSS_NOCRYPTO_FALSE=''
CONFIG_TSS_NOCRYPTO_TRUE='#'
CONFIG_TSS_NOECC_FALSE=''
CONFIG_TSS_NOECC_TRUE='#'
CONFIG_TSS_NOFILE_FALSE=''
CONFIG_TSS_NOFILE_TRUE='#'
CONFIG_TSS_NOPRINT_FALSE=''
CONFIG_TSS_NOPRINT_TRUE='#'
CPP='gcc -E'
CPPFLAGS=' '
CYGPATH_W='echo'
DEFS='-DHAVE_CONFIG_H'
DEPDIR='.deps'
DLLTOOL='false'
DSYMUTIL=''
DUMPBIN=''
ECHO_C=''
ECHO_N='-n'
ECHO_T=''
EFIBOOT_CFLAGS=''
EFIBOOT_LIBS=''
EGREP='/bin/grep -E'
EXEEXT=''
FGREP='/bin/grep -F'
GREP='/bin/grep'
INSTALL_DATA='${INSTALL} -m 644'
INSTALL_PROGRAM='${INSTALL}'
INSTALL_SCRIPT='${INSTALL}'
INSTALL_STRIP_PROGRAM='$(install_sh) -c -s'
LD='/usr/bin/ld -m elf_x86_64'
LDFLAGS=''
LIBCRYPTO_CFLAGS=''
LIBCRYPTO_LIBS='-lcrypto'
LIBOBJS=''
LIBS=''
LIBTOOL='$(SHELL) $(top_builddir)/libtool'
LIPO=''
LN_S='ln -s'
LTLIBOBJS=''
LT_SYS_LIBRARY_PATH=''
MAKEINFO='${SHELL} /home/integreedy/workspace/tpm2simulator/client_IBM_TSS/build-aux/missing makeinfo'
MANIFEST_TOOL=':'
MKDIR_P='/bin/mkdir -p'
NM='/usr/bin/nm -B'
NMEDIT=''
OBJDUMP='objdump'
OBJEXT='o'
OTOOL64=''
OTOOL=''
PACKAGE='ibmtss'
PACKAGE_BUGREPORT='kgold@linux.ibm.com'
PACKAGE_NAME='ibmtss'
PACKAGE_STRING='ibmtss 1.6.0'
PACKAGE_TARNAME='ibmtss'
PACKAGE_URL=''
PACKAGE_VERSION='1.6.0'
PATH_SEPARATOR=':'
PKG_CONFIG='/usr/bin/pkg-config'
PKG_CONFIG_LIBDIR=''
PKG_CONFIG_PATH=''
RANLIB='ranlib'
SED='/bin/sed'
SET_MAKE=''
SHELL='/bin/bash'
STRIP='strip'
TSSLIB_VERSION_INFO='7:0:6'
VERSION='1.6.0'
ac_ct_AR='ar'
ac_ct_CC='gcc'
ac_ct_DUMPBIN=''
am__EXEEXT_FALSE=''
am__EXEEXT_TRUE='#'
am__fastdepCC_FALSE='#'
am__fastdepCC_TRUE=''
am__include='include'
am__isrc=''
am__leading_dot='.'
am__nodep='_no'
am__quote=''
am__tar='$${TAR-tar} chof - "$$tardir"'
am__untar='$${TAR-tar} xf -'
bindir='${exec_prefix}/bin'
build='x86_64-pc-linux-gnu'
build_alias=''
build_cpu='x86_64'
build_os='linux-gnu'
build_vendor='pc'
datadir='${datarootdir}'
datarootdir='${prefix}/share'
docdir='${datarootdir}/doc/${PACKAGE_TARNAME}'
dvidir='${docdir}'
exec_prefix='${prefix}'
host='x86_64-pc-linux-gnu'
host_alias=''
host_cpu='x86_64'
host_os='linux-gnu'
host_vendor='pc'
htmldir='${docdir}'
includedir='${prefix}/include'
infodir='${datarootdir}/info'
install_sh='${SHELL} /home/integreedy/workspace/tpm2simulator/client_IBM_TSS/build-aux/install-sh'
libdir='${exec_prefix}/lib'
libexecdir='${exec_prefix}/libexec'
localedir='${datarootdir}/locale'
localstatedir='${prefix}/var'
mandir='${datarootdir}/man'
mkdir_p='$(MKDIR_P)'
oldincludedir='/usr/include'
pdfdir='${docdir}'
prefix='/home/integreedy/local'
program_transform_name='s,x,x,'
psdir='${docdir}'
runstatedir='${localstatedir}/run'
sbindir='${exec_prefix}/sbin'
sharedstatedir='${prefix}/com'
sysconfdir='${prefix}/etc'
target_alias=''

## ----------- ##
## confdefs.h. ##
## ----------- ##

/* confdefs.h */
#define PACKAGE_NAME "ibmtss"
#define PACKAGE_TARNAME "ibmtss"
#define PACKAGE_VERSION "1.6.0"
#define PACKAGE_STRING "ibmtss 1.6.0"
#define PACKAGE_BUGREPORT "kgold@linux.ibm.com"
#define PACKAGE_URL ""
#define PACKAGE "ibmtss"
#define VERSION "1.6.0"
#define STDC_HEADERS 1
#define HAVE_SYS_TYPES_H 1
#define HAVE_SYS_STAT_H 1
#define HAVE_STDLIB_H 1
#define HAVE_STRING_H 1
#define HAVE_MEMORY_H 1
#define HAVE_STRINGS_H 1
#define HAVE_INTTYPES_H 1
#define HAVE_STDINT_H 1
#define HAVE_UNISTD_H 1
#define HAVE_DLFCN_H 1
#define LT_OBJDIR ".libs/"
#define HAVE_OPENSSL_CONF_H 1
#define STDC_HEADERS 1
#define HAVE_ARPA_INET_H 1
#define HAVE_FCNTL_H 1
#define HAVE_INTTYPES_H 1
#define HAVE_LIMITS_H 1
#define HAVE_NETDB_H 1
#define HAVE_NETINET_IN_H 1
#define HAVE_STDINT_H 1
#define HAVE_STDLIB_H 1
#define HAVE_STRING_H 1
#define HAVE_SYS_PARAM_H 1
#define HAVE_SYS_SOCKET_H 1
#define HAVE_UNISTD_H 1
#define HAVE_STDLIB_H 1
#define HAVE_MALLOC 1
#define HAVE_STDLIB_H 1
#define HAVE_REALLOC 1
#define HAVE_GETHOSTBYNAME 1
#define HAVE_MEMMOVE 1
#define HAVE_MEMSET 1
#define HAVE_SOCKET 1
#define HAVE_STRERROR 1
#define HAVE_STRTOUL 1

configure: exit 0
